#
# A fatal error has been detected by the Java Runtime Environment:
#
#  EXCEPTION_ACCESS_VIOLATION (0xc0000005) at pc=0x0000000010341066, pid=4828, tid=8796
#
# JRE version: Java(TM) SE Runtime Environment (7.0_60-b19) (build 1.7.0_60-b19)
# Java VM: Java HotSpot(TM) 64-Bit Server VM (24.60-b09 mixed mode windows-amd64 compressed oops)
# Problematic frame:
# C  [OpenAL64.dll+0x11066]
#
# Failed to write core dump. Minidumps are not enabled by default on client versions of Windows
#
# If you would like to submit a bug report, please visit:
#   http://bugreport.sun.com/bugreport/crash.jsp
# The crash happened outside the Java Virtual Machine in native code.
# See problematic frame for where to report the bug.
#

---------------  T H R E A D  ---------------

Current thread (0x00000000165e5800):  JavaThread "Thread-6" [_thread_in_native, id=8796, stack(0x00000000172f0000,0x00000000173f0000)]

siginfo: ExceptionCode=0xc0000005, reading address 0x000000000fcf0004

Registers:
RAX=0x0000000000040005, RBX=0x0000000017c00090, RCX=0x000000000fcf0008, RDX=0x000000000fcf0004
RSP=0x00000000173eee30, RBP=0x00000000000000ff, RSI=0x000000000fced2dc, RDI=0x0000000000000000
R8 =0x0000000000000b4a, R9 =0x000000000fced2dc, R10=0x0000000002c43124, R11=0x000000006c3d2980
R12=0x0000000000000001, R13=0x00000000fc5f5a48, R14=0x00000000173eefc8, R15=0x00000000165e5800
RIP=0x0000000010341066, EFLAGS=0x0000000000010202

Top of Stack: (sp=0x00000000173eee30)
0x00000000173eee30:   0000000000000000 0000000000000000
0x00000000173eee40:   0000000000000000 000000006c28b600
0x00000000173eee50:   0000000000000000 0000000000000000
0x00000000173eee60:   0000000000000000 00000000165e5800
0x00000000173eee70:   00000000173eefc8 00000000fc5f5a48
0x00000000173eee80:   0000000000000000 00000000165e5800
0x00000000173eee90:   0000000000000007 00000000173eef90
0x00000000173eeea0:   00000000165e5800 00000000173eefc8
0x00000000173eeeb0:   00000000fc5f5a48 0000000000000000
0x00000000173eeec0:   000000000fced2dc 0000000000000007
0x00000000173eeed0:   00000000173eef90 000000001034248f
0x00000000173eeee0:   0000000017c00090 0000000017c00090
0x00000000173eeef0:   000000000000ac44 0000000000040005
0x00000000173eef00:   0000000002c36215 0000000002c43150
0x00000000173eef10:   00000000fc5f5a48 00000000fc0737a5
0x00000000173eef20:   00000000173eef60 00000000fc076b78 

Instructions: (pc=0x0000000010341066)
0x0000000010341046:   41 2b ec 81 3a 03 00 02 00 75 09 8b 01 89 84 24
0x0000000010341056:   c8 00 00 00 49 83 c0 02 48 83 c1 08 4a 8d 14 86
0x0000000010341066:   39 3a 75 af 4c 8d 84 24 c0 00 00 00 48 8d 15 d7
0x0000000010341076:   2b 03 00 33 c9 e8 58 5f 00 00 b8 40 1f 00 00 4c 


Register to memory mapping:

RAX=0x0000000000040005 is an unknown value
RBX=0x0000000017c00090 is an unknown value
RCX=0x000000000fcf0008 is an unknown value
RDX=0x000000000fcf0004 is an unknown value
RSP=0x00000000173eee30 is pointing into the stack for thread: 0x00000000165e5800
RBP=0x00000000000000ff is an unknown value
RSI=0x000000000fced2dc is an unknown value
RDI=0x0000000000000000 is an unknown value
R8 =0x0000000000000b4a is an unknown value
R9 =0x000000000fced2dc is an unknown value
R10=0x0000000002c43124 is at code_begin+644 in an Interpreter codelet
method entry point (kind = native)  [0x0000000002c42ea0, 0x0000000002c43740]  2208 bytes
R11=0x000000006c3d2980 is an unknown value
R12=0x0000000000000001 is an unknown value
R13=0x00000000fc5f5a48 is an oop
{method} 
 - klass: {other class}
R14=0x00000000173eefc8 is pointing into the stack for thread: 0x00000000165e5800
R15=0x00000000165e5800 is a thread


Stack: [0x00000000172f0000,0x00000000173f0000],  sp=0x00000000173eee30,  free space=1019k
Native frames: (J=compiled Java code, j=interpreted, Vv=VM code, C=native code)
C  [OpenAL64.dll+0x11066]

Java frames: (J=compiled Java code, j=interpreted, Vv=VM code)
j  org.lwjgl.openal.ALC10.nalcCreateContext(JJ)J+0
j  org.lwjgl.openal.ALC10.alcCreateContext(Lorg/lwjgl/openal/ALCdevice;Ljava/nio/IntBuffer;)Lorg/lwjgl/openal/ALCcontext;+8
j  org.lwjgl.openal.AL.init(Ljava/lang/String;IIZZ)V+69
j  org.lwjgl.openal.AL.create(Ljava/lang/String;IIZZ)V+227
j  org.lwjgl.openal.AL.create(Ljava/lang/String;IIZ)V+5
j  org.lwjgl.openal.AL.create()V+6
j  paulscode.sound.libraries.LibraryLWJGLOpenAL.init()V+2
j  paulscode.sound.SoundSystem.CommandNewLibrary(Ljava/lang/Class;)V+273
j  paulscode.sound.SoundSystem.CommandQueue(Lpaulscode/sound/CommandObject;)Z+1206
j  paulscode.sound.CommandThread.run()V+51
v  ~StubRoutines::call_stub

---------------  P R O C E S S  ---------------

Java Threads: ( => current thread )
  0x000000001114d800 JavaThread "Thread-7" [_thread_blocked, id=48, stack(0x0000000015d40000,0x0000000015e40000)]
=>0x00000000165e5800 JavaThread "Thread-6" [_thread_in_native, id=8796, stack(0x00000000172f0000,0x00000000173f0000)]
  0x000000000f905800 JavaThread "Sound Library Loader" [_thread_blocked, id=5464, stack(0x00000000170d0000,0x00000000171d0000)]
  0x000000000e9e9000 JavaThread "Keep-Alive-Timer" daemon [_thread_blocked, id=6576, stack(0x0000000016000000,0x0000000016100000)]
  0x000000000e443800 JavaThread "Java2D Disposer" daemon [_thread_blocked, id=8656, stack(0x00000000103c0000,0x00000000104c0000)]
  0x000000000f206800 JavaThread "Timer hack thread" daemon [_thread_blocked, id=6596, stack(0x00000000104c0000,0x00000000105c0000)]
  0x000000000c6fd000 JavaThread "Snooper Timer" daemon [_thread_blocked, id=4864, stack(0x000000000fee0000,0x000000000ffe0000)]
  0x000000000b3d8000 JavaThread "Service Thread" daemon [_thread_blocked, id=8460, stack(0x000000000be80000,0x000000000bf80000)]
  0x000000000b3d3000 JavaThread "C2 CompilerThread1" daemon [_thread_in_native, id=6044, stack(0x000000000bd80000,0x000000000be80000)]
  0x000000000b3ce800 JavaThread "C2 CompilerThread0" daemon [_thread_blocked, id=5176, stack(0x000000000bc80000,0x000000000bd80000)]
  0x000000000b3ce000 JavaThread "Attach Listener" daemon [_thread_blocked, id=5316, stack(0x000000000bb80000,0x000000000bc80000)]
  0x000000000b3cb000 JavaThread "Signal Dispatcher" daemon [_thread_blocked, id=8236, stack(0x000000000ba80000,0x000000000bb80000)]
  0x000000000b3ca000 JavaThread "Surrogate Locker Thread (Concurrent GC)" daemon [_thread_blocked, id=7916, stack(0x000000000b980000,0x000000000ba80000)]
  0x000000000b172800 JavaThread "Finalizer" daemon [_thread_blocked, id=1920, stack(0x000000000b880000,0x000000000b980000)]
  0x000000000b16c000 JavaThread "Reference Handler" daemon [_thread_blocked, id=6728, stack(0x000000000b780000,0x000000000b880000)]
  0x0000000002b2e800 JavaThread "Client thread" [_thread_blocked, id=8496, stack(0x0000000002970000,0x0000000002a70000)]

Other Threads:
  0x000000000b167000 VMThread [stack: 0x000000000b680000,0x000000000b780000] [id=4056]
  0x000000000b403000 WatcherThread [stack: 0x000000000bf80000,0x000000000c080000] [id=7504]

VM state:at safepoint (normal execution)

VM Mutex/Monitor currently owned by a thread:  ([mutex/lock_event])
[0x0000000002b300d0] Threads_lock - owner thread: 0x000000000b167000
[0x0000000002b305d0] Heap_lock - owner thread: 0x0000000002c2d000

Heap
 par new generation   total 314560K, used 226621K [0x00000000bae00000, 0x00000000d0350000, 0x00000000d0350000)
  eden space 279616K,  68% used [0x00000000bae00000, 0x00000000c692f6a8, 0x00000000cbf10000)
  from space 34944K, 100% used [0x00000000cbf10000, 0x00000000ce130000, 0x00000000ce130000)
  to   space 34944K,   0% used [0x00000000ce130000, 0x00000000ce130000, 0x00000000d0350000)
 concurrent mark-sweep generation total 699072K, used 47241K [0x00000000d0350000, 0x00000000fae00000, 0x00000000fae00000)
 concurrent-mark-sweep perm gen total 24704K, used 24669K [0x00000000fae00000, 0x00000000fc620000, 0x0000000100000000)

Card table byte_map: [0x00000000064f0000,0x0000000006720000] byte_map_base: 0x0000000005f19000

Polling page: 0x0000000001020000

Code Cache  [0x0000000002c30000, 0x0000000002ef0000, 0x0000000005c30000)
 total_blobs=1213 nmethods=642 adapters=523 free_code_cache=46785Kb largest_free_block=47469120

Compilation events (10 events):
Event: 4.100 Thread 0x000000000b3ce800  698             java.awt.image.BufferedImage::getRGB (231 bytes)
Event: 4.107 Thread 0x000000000b3ce800 nmethod 698 0x0000000002d7e850 code [0x0000000002d7e9e0, 0x0000000002d7f3a8]
Event: 4.108 Thread 0x000000000b3ce800  699 % !         net.minecraft.client.gui.FontRenderer::readFontTexture @ 160 (257 bytes)
Event: 4.111 Thread 0x000000000b3ce800 nmethod 699% 0x0000000002d81890 code [0x0000000002d81a00, 0x0000000002d81fd8]
Event: 4.113 Thread 0x000000000b3ce800  700             java.io.FilterInputStream::<init> (10 bytes)
Event: 4.114 Thread 0x000000000b3ce800 nmethod 700 0x0000000002d80110 code [0x0000000002d80240, 0x0000000002d802d8]
Event: 4.148 Thread 0x000000000b3ce800  701 %           org.objectweb.asm.Type::getDescriptor @ 166 (214 bytes)
Event: 4.150 Thread 0x000000000b3ce800 nmethod 701% 0x0000000002d7ac10 code [0x0000000002d7ad80, 0x0000000002d7af98]
Event: 4.150 Thread 0x000000000b3ce800  702             org.objectweb.asm.Type::getDescriptor (214 bytes)
Event: 4.152 Thread 0x000000000b3ce800 nmethod 702 0x0000000002d7bfd0 code [0x0000000002d7c180, 0x0000000002d7c510]

GC Heap History (4 events):
Event: 2.321 GC heap before
{Heap before GC invocations=0 (full 0):
 par new generation   total 314560K, used 279616K [0x00000000bae00000, 0x00000000d0350000, 0x00000000d0350000)
  eden space 279616K, 100% used [0x00000000bae00000, 0x00000000cbf10000, 0x00000000cbf10000)
  from space 34944K,   0% used [0x00000000cbf10000, 0x00000000cbf10000, 0x00000000ce130000)
  to   space 34944K,   0% used [0x00000000ce130000, 0x00000000ce130000, 0x00000000d0350000)
 concurrent mark-sweep generation total 699072K, used 0K [0x00000000d0350000, 0x00000000fae00000, 0x00000000fae00000)
 concurrent-mark-sweep perm gen total 21248K, used 20026K [0x00000000fae00000, 0x00000000fc2c0000, 0x0000000100000000)
Event: 2.341 GC heap after
Heap after GC invocations=1 (full 0):
 par new generation   total 314560K, used 33860K [0x00000000bae00000, 0x00000000d0350000, 0x00000000d0350000)
  eden space 279616K,   0% used [0x00000000bae00000, 0x00000000bae00000, 0x00000000cbf10000)
  from space 34944K,  96% used [0x00000000ce130000, 0x00000000d0241230, 0x00000000d0350000)
  to   space 34944K,   0% used [0x00000000cbf10000, 0x00000000cbf10000, 0x00000000ce130000)
 concurrent mark-sweep generation total 699072K, used 0K [0x00000000d0350000, 0x00000000fae00000, 0x00000000fae00000)
 concurrent-mark-sweep perm gen total 21248K, used 20026K [0x00000000fae00000, 0x00000000fc2c0000, 0x0000000100000000)
}
Event: 3.568 GC heap before
{Heap before GC invocations=1 (full 1):
 par new generation   total 314560K, used 313476K [0x00000000bae00000, 0x00000000d0350000, 0x00000000d0350000)
  eden space 279616K, 100% used [0x00000000bae00000, 0x00000000cbf10000, 0x00000000cbf10000)
  from space 34944K,  96% used [0x00000000ce130000, 0x00000000d0241230, 0x00000000d0350000)
  to   space 34944K,   0% used [0x00000000cbf10000, 0x00000000cbf10000, 0x00000000ce130000)
 concurrent mark-sweep generation total 699072K, used 0K [0x00000000d0350000, 0x00000000fae00000, 0x00000000fae00000)
 concurrent-mark-sweep perm gen total 21824K, used 21706K [0x00000000fae00000, 0x00000000fc350000, 0x0000000100000000)
Event: 3.621 GC heap after
Heap after GC invocations=2 (full 1):
 par new generation   total 314560K, used 34944K [0x00000000bae00000, 0x00000000d0350000, 0x00000000d0350000)
  eden space 279616K,   0% used [0x00000000bae00000, 0x00000000bae00000, 0x00000000cbf10000)
  from space 34944K, 100% used [0x00000000cbf10000, 0x00000000ce130000, 0x00000000ce130000)
  to   space 34944K,   0% used [0x00000000ce130000, 0x00000000ce130000, 0x00000000d0350000)
 concurrent mark-sweep generation total 699072K, used 47241K [0x00000000d0350000, 0x00000000fae00000, 0x00000000fae00000)
 concurrent-mark-sweep perm gen total 21824K, used 21706K [0x00000000fae00000, 0x00000000fc350000, 0x0000000100000000)
}

Deoptimization events (10 events):
Event: 3.865 Thread 0x0000000002b2e800 Uncommon trap: reason=class_check action=maybe_recompile pc=0x0000000002ec2740 method=java.util.AbstractList.listIterator()Ljava/util/ListIterator; @ 2
Event: 3.889 Thread 0x0000000002b2e800 Uncommon trap: reason=null_check action=make_not_entrant pc=0x0000000002ee513c method=com.google.common.collect.AbstractMapBasedMultimap$WrappedCollection.refreshIfEmpty()V @ 64
Event: 3.895 Thread 0x0000000002b2e800 Uncommon trap: reason=class_check action=maybe_recompile pc=0x0000000002dca378 method=java.util.HashMap.putForCreate(Ljava/lang/Object;Ljava/lang/Object;)V @ 97
Event: 3.895 Thread 0x0000000002b2e800 Uncommon trap: reason=class_check action=maybe_recompile pc=0x0000000002dcb020 method=java.util.HashMap.putForCreate(Ljava/lang/Object;Ljava/lang/Object;)V @ 97
Event: 3.896 Thread 0x0000000002b2e800 Uncommon trap: reason=unreached action=reinterpret pc=0x0000000002da35ac method=org.objectweb.asm.Type.getDescriptor(Ljava/lang/StringBuffer;Ljava/lang/Class;)V @ 6
Event: 3.897 Thread 0x0000000002b2e800 Uncommon trap: reason=unreached action=reinterpret pc=0x0000000002d33a14 method=org.objectweb.asm.MethodWriter.visitVarInsn(II)V @ 4
Event: 3.897 Thread 0x0000000002b2e800 Uncommon trap: reason=unreached action=reinterpret pc=0x0000000002d58d6c method=org.objectweb.asm.MethodWriter.visitMethodInsn(ILjava/lang/String;Ljava/lang/String;Ljava/lang/String;)V @ 40
Event: 3.897 Thread 0x0000000002b2e800 Uncommon trap: reason=unreached action=reinterpret pc=0x0000000002d7550c method=org.objectweb.asm.MethodWriter.visitFieldInsn(ILjava/lang/String;Ljava/lang/String;Ljava/lang/String;)V @ 17
Event: 3.897 Thread 0x0000000002b2e800 Uncommon trap: reason=unreached action=reinterpret pc=0x0000000002d2dea4 method=org.objectweb.asm.MethodWriter.visitInsn(I)V @ 13
Event: 3.897 Thread 0x0000000002b2e800 Uncommon trap: reason=unreached action=reinterpret pc=0x0000000002ee6930 method=org.objectweb.asm.MethodWriter.visitTypeInsn(ILjava/lang/String;)V @ 13

Internal exceptions (10 events):
Event: 4.142 Thread 0x00000000165e5800 Threw 0x00000000c67f89a0 at C:\re\jdk7u60\1081\hotspot\src\share\vm\prims\jvm.cpp:1244
Event: 4.142 Thread 0x00000000165e5800 Threw 0x00000000c67fb2d0 at C:\re\jdk7u60\1081\hotspot\src\share\vm\prims\jvm.cpp:1244
Event: 4.142 Thread 0x00000000165e5800 Threw 0x00000000c67fbd58 at C:\re\jdk7u60\1081\hotspot\src\share\vm\prims\jvm.cpp:1244
Event: 4.142 Thread 0x00000000165e5800 Threw 0x00000000c67fc7b0 at C:\re\jdk7u60\1081\hotspot\src\share\vm\prims\jvm.cpp:1244
Event: 4.143 Thread 0x00000000165e5800 Threw 0x00000000c67ff268 at C:\re\jdk7u60\1081\hotspot\src\share\vm\prims\jvm.cpp:1244
Event: 4.144 Thread 0x00000000165e5800 Threw 0x00000000c680af00 at C:\re\jdk7u60\1081\hotspot\src\share\vm\prims\jvm.cpp:1244
Event: 4.147 Thread 0x00000000165e5800 Threw 0x00000000c6812808 at C:\re\jdk7u60\1081\hotspot\src\share\vm\prims\jvm.cpp:1244
Event: 4.147 Thread 0x00000000165e5800 Threw 0x00000000c68174b8 at C:\re\jdk7u60\1081\hotspot\src\share\vm\prims\jvm.cpp:1244
Event: 4.148 Thread 0x00000000165e5800 Threw 0x00000000c681be50 at C:\re\jdk7u60\1081\hotspot\src\share\vm\prims\jvm.cpp:1244
Event: 4.148 Thread 0x00000000165e5800 Threw 0x00000000c6820610 at C:\re\jdk7u60\1081\hotspot\src\share\vm\prims\jvm.cpp:1244

Events (10 events):
Event: 4.150 loading class 0x000000000e46b030
Event: 4.150 loading class 0x000000000e46b030 done
Event: 4.151 loading class 0x000000000e46d240
Event: 4.151 loading class 0x000000000e46d240 done
Event: 4.151 loading class 0x000000000e46b9e0
Event: 4.151 loading class 0x000000000e46b9e0 done
Event: 4.152 loading class 0x000000000e46acc0
Event: 4.152 loading class 0x000000000e46acc0 done
Event: 4.152 loading class 0x000000000e63bc10
Event: 4.152 loading class 0x000000000e63bc10 done


Dynamic libraries:
0x000007f75f4b0000 - 0x000007f75f4e3000 	C:\Program Files\Java\jre7\bin\javaw.exe
0x000007fe38b20000 - 0x000007fe38ce0000 	C:\Windows\SYSTEM32\ntdll.dll
0x000007fe36140000 - 0x000007fe36277000 	C:\Windows\system32\KERNEL32.DLL
0x000007fe34ae0000 - 0x000007fe34bd4000 	C:\Windows\system32\KERNELBASE.dll
0x000007fe34f50000 - 0x000007fe3502e000 	C:\Windows\system32\ADVAPI32.dll
0x000007fe358e0000 - 0x000007fe35a2c000 	C:\Windows\system32\USER32.dll
0x000007fe31ee0000 - 0x000007fe3214a000 	C:\Windows\WinSxS\amd64_microsoft.windows.common-controls_6595b64144ccf1df_6.0.9200.16579_none_418ab7ef718b27ef\COMCTL32.dll
0x000007fe37ab0000 - 0x000007fe37b55000 	C:\Windows\system32\msvcrt.dll
0x000007fe351d0000 - 0x000007fe35218000 	C:\Windows\SYSTEM32\sechost.dll
0x000007fe36440000 - 0x000007fe36585000 	C:\Windows\system32\RPCRT4.dll
0x000007fe35ff0000 - 0x000007fe36131000 	C:\Windows\system32\GDI32.dll
0x000007fe35760000 - 0x000007fe35799000 	C:\Windows\system32\IMM32.DLL
0x000007fe35220000 - 0x000007fe35336000 	C:\Windows\system32\MSCTF.dll
0x000000006c9d0000 - 0x000000006caa2000 	C:\Program Files\Java\jre7\bin\msvcr100.dll
0x000000006c1f0000 - 0x000000006c9c2000 	C:\Program Files\Java\jre7\bin\server\jvm.dll
0x000007fe31c40000 - 0x000007fe31c49000 	C:\Windows\SYSTEM32\WSOCK32.dll
0x000007fe315b0000 - 0x000007fe315d0000 	C:\Windows\SYSTEM32\WINMM.dll
0x000007fe35340000 - 0x000007fe35347000 	C:\Windows\system32\PSAPI.DLL
0x000007fe36280000 - 0x000007fe362d8000 	C:\Windows\system32\WS2_32.dll
0x000007fe31570000 - 0x000007fe315a3000 	C:\Windows\SYSTEM32\WINMMBASE.dll
0x000007fe35a80000 - 0x000007fe35a89000 	C:\Windows\system32\NSI.dll
0x000007fe34f00000 - 0x000007fe34f4f000 	C:\Windows\SYSTEM32\cfgmgr32.dll
0x000007fe34dc0000 - 0x000007fe34de2000 	C:\Windows\system32\DEVOBJ.dll
0x000000006ce90000 - 0x000000006ce9f000 	C:\Program Files\Java\jre7\bin\verify.dll
0x000000006c1c0000 - 0x000000006c1e8000 	C:\Program Files\Java\jre7\bin\java.dll
0x000000006ce70000 - 0x000000006ce85000 	C:\Program Files\Java\jre7\bin\zip.dll
0x000000006ce40000 - 0x000000006ce4b000 	C:\Program Files\Java\jre7\bin\management.dll
0x000000006c1a0000 - 0x000000006c1b9000 	C:\Program Files\Java\jre7\bin\net.dll
0x0000000180000000 - 0x00000001800bc000 	C:\Windows\system32\BfLLR.dll
0x000007fe33a90000 - 0x000007fe33aba000 	C:\Windows\SYSTEM32\IPHLPAPI.DLL
0x000007fe33a80000 - 0x000007fe33a8a000 	C:\Windows\SYSTEM32\WINNSI.DLL
0x000007fe33a60000 - 0x000007fe33a78000 	C:\Windows\SYSTEM32\dhcpcsvc.DLL
0x000007fe33a40000 - 0x000007fe33a53000 	C:\Windows\SYSTEM32\dhcpcsvc6.DLL
0x000007fe34220000 - 0x000007fe3427c000 	C:\Windows\system32\mswsock.dll
0x000000006c180000 - 0x000000006c191000 	C:\Program Files\Java\jre7\bin\nio.dll
0x000007fe2a770000 - 0x000007fe2a784000 	C:\Windows\system32\napinsp.dll
0x000007fe2a790000 - 0x000007fe2a7a8000 	C:\Windows\system32\pnrpnsp.dll
0x000007fe33400000 - 0x000007fe33416000 	C:\Windows\system32\NLAapi.dll
0x000007fe34060000 - 0x000007fe340f8000 	C:\Windows\SYSTEM32\DNSAPI.dll
0x000007fe2a7b0000 - 0x000007fe2a7c2000 	C:\Windows\System32\winrnr.dll
0x000007fe2a7d0000 - 0x000007fe2a7e4000 	C:\Windows\system32\wshbth.dll
0x000007fe2dff0000 - 0x000007fe2dff8000 	C:\Windows\System32\rasadhlp.dll
0x000007fe30940000 - 0x000007fe309a1000 	C:\Windows\System32\fwpuclnt.dll
0x0000000002ad0000 - 0x0000000002b20000 	E:\Documents\GitHub\SteamAge\build\natives\lwjgl64.dll
0x000007fe24fa0000 - 0x000007fe250bf000 	C:\Windows\SYSTEM32\OPENGL32.dll
0x000007fe30b40000 - 0x000007fe30b49000 	C:\Windows\SYSTEM32\VERSION.dll
0x000007fe2a2b0000 - 0x000007fe2a2dc000 	C:\Windows\SYSTEM32\GLU32.dll
0x000007fe24eb0000 - 0x000007fe24f9a000 	C:\Windows\SYSTEM32\DDRAW.dll
0x000007fe31370000 - 0x000007fe31378000 	C:\Windows\SYSTEM32\DCIMAN32.dll
0x000007fe34400000 - 0x000007fe3441a000 	C:\Windows\SYSTEM32\CRYPTSP.dll
0x000007fe33ef0000 - 0x000007fe33f3b000 	C:\Windows\system32\rsaenh.dll
0x000007fe34ac0000 - 0x000007fe34adf000 	C:\Windows\system32\USERENV.dll
0x000007fe34aa0000 - 0x000007fe34ab5000 	C:\Windows\system32\profapi.dll
0x000007fe34830000 - 0x000007fe3483a000 	C:\Windows\SYSTEM32\CRYPTBASE.dll
0x000007fe347d0000 - 0x000007fe3482c000 	C:\Windows\SYSTEM32\bcryptPrimitives.dll
0x000000006cca0000 - 0x000000006ce35000 	C:\Program Files\Java\jre7\bin\awt.dll
0x000007fe357a0000 - 0x000007fe35863000 	C:\Windows\system32\OLEAUT32.dll
0x000007fe35540000 - 0x000007fe356f0000 	C:\Windows\system32\combase.dll
0x000007fe2de00000 - 0x000007fe2de9f000 	C:\Windows\system32\apphelp.dll
0x000007fe33770000 - 0x000007fe33856000 	C:\Windows\system32\uxtheme.dll
0x000007fe32430000 - 0x000007fe32451000 	C:\Windows\SYSTEM32\dwmapi.dll
0x000000006a330000 - 0x000000006c176000 	C:\Windows\SYSTEM32\nvoglv64.DLL
0x000007fe36590000 - 0x000007fe37870000 	C:\Windows\system32\SHELL32.dll
0x000007fe35370000 - 0x000007fe35540000 	C:\Windows\system32\SETUPAPI.dll
0x000007fe34900000 - 0x000007fe34911000 	C:\Windows\SYSTEM32\WTSAPI32.dll
0x000007fe35a30000 - 0x000007fe35a80000 	C:\Windows\system32\SHLWAPI.dll
0x000007fe34df0000 - 0x000007fe34e45000 	C:\Windows\system32\WINTRUST.dll
0x000007fe34be0000 - 0x000007fe34db1000 	C:\Windows\system32\CRYPT32.dll
0x000007fe34a80000 - 0x000007fe34a96000 	C:\Windows\system32\MSASN1.dll
0x000007fe30580000 - 0x000007fe305ae000 	C:\Windows\SYSTEM32\ntmarta.dll
0x000007fe34990000 - 0x000007fe349d3000 	C:\Windows\SYSTEM32\powrprof.dll
0x000007fe34920000 - 0x000007fe3496e000 	C:\Windows\SYSTEM32\WINSTA.dll
0x000007fe24c60000 - 0x000007fe24c9f000 	C:\Program Files\ASUS\Bluetooth Software\btmmhook.dll
0x000007fe37930000 - 0x000007fe37aae000 	C:\Windows\system32\ole32.dll
0x000007fe30b50000 - 0x000007fe30be1000 	C:\Windows\SYSTEM32\mscms.dll
0x000007fe2a1d0000 - 0x000007fe2a210000 	C:\Windows\SYSTEM32\icm32.dll
0x0000000010330000 - 0x0000000010394000 	E:\Documents\GitHub\SteamAge\build\natives\OpenAL64.dll
0x000007fe33bd0000 - 0x000007fe33c65000 	C:\Windows\SYSTEM32\SHCORE.dll
0x000007fe35d20000 - 0x000007fe35db6000 	C:\Windows\SYSTEM32\clbcatq.dll
0x000007fe32d10000 - 0x000007fe32d72000 	C:\Windows\System32\MMDevApi.dll
0x000007fe31b50000 - 0x000007fe31bdb000 	C:\Windows\SYSTEM32\dsound.dll
0x000007fe2abe0000 - 0x000007fe2ac52000 	C:\Windows\SYSTEM32\AUDIOSES.DLL
0x000007fe24040000 - 0x000007fe241a3000 	C:\Windows\SYSTEM32\dbghelp.dll

VM Arguments:
jvm_args: -Xincgc -Xmx1024M -Xms1024M -Dfml.ignoreInvalidMinecraftCertificates=true -Djava.library.path=E:\Documents\GitHub\SteamAge\build\natives;E:\Documents\GitHub\SteamAge\build\natives;E:\Documents\GitHub\SteamAge\build\natives;E:\Documents\GitHub\SteamAge\build\natives;E:\Documents\GitHub\SteamAge\build\natives;E:\Documents\GitHub\SteamAge\build\natives;E:\Documents\GitHub\SteamAge\build\natives;E:\Documents\GitHub\SteamAge\build\natives;E:\Documents\GitHub\SteamAge\build\natives;E:\Documents\GitHub\SteamAge\build\natives -Dfile.encoding=Cp1252 
java_command: net.minecraft.launchwrapper.Launch --version 1.6 --tweakClass cpw.mods.fml.common.launcher.FMLTweaker --accessToken FML
Launcher Type: SUN_STANDARD

Environment Variables:
PATH=C:\Program Files (x86)\NVIDIA Corporation\PhysX\Common;C:\PROGRAM FILES (X86)\INTEL\ICLS CLIENT\;C:\PROGRAM FILES\INTEL\ICLS CLIENT\;C:\Windows\SYSTEM32;C:\Windows;C:\Windows\SYSTEM32\WBEM;C:\Windows\SYSTEM32\WINDOWSPOWERSHELL\V1.0\;C:\PROGRAM FILES\INTEL\INTEL(R) MANAGEMENT ENGINE COMPONENTS\DAL;C:\PROGRAM FILES\INTEL\INTEL(R) MANAGEMENT ENGINE COMPONENTS\IPT;C:\PROGRAM FILES (X86)\INTEL\INTEL(R) MANAGEMENT ENGINE COMPONENTS\DAL;C:\PROGRAM FILES (X86)\INTEL\INTEL(R) MANAGEMENT ENGINE COMPONENTS\IPT;C:\Program Files\ASUS\Bluetooth Software\;C:\Program Files\ASUS\Bluetooth Software\syswow64;C:\Program Files (x86)\Google\google_appengine\
USERNAME=Admin
OS=Windows_NT
PROCESSOR_IDENTIFIER=Intel64 Family 6 Model 60 Stepping 3, GenuineIntel



---------------  S Y S T E M  ---------------

OS: Windows 8 , 64 bit Build 9200 

CPU:total 8 (4 cores per cpu, 2 threads per core) family 6 model 60 stepping 3, cmov, cx8, fxsr, mmx, sse, sse2, sse3, ssse3, sse4.1, sse4.2, popcnt, avx, avx2, aes, erms, ht, tsc, tscinvbit

Memory: 4k page, physical 16720416k(12262776k free), swap 19079712k(13201972k free)

vm_info: Java HotSpot(TM) 64-Bit Server VM (24.60-b09) for windows-amd64 JRE (1.7.0_60-b19), built on May  7 2014 12:55:18 by "java_re" with unknown MS VC++:1600

time: Fri Jun 20 22:58:44 2014
elapsed time: 4 seconds

